<?xml version="1.0" encoding="UTF-8"?>
<!-- Generated by org.testng.reporters.JUnitReportReporter -->
<testsuite hostname="LAPTOP-N5230FF1" failures="0" tests="3" name="TestNGTest" time="0.005" errors="0" timestamp="23 Dec 2018 05:51:28 GMT">
  <testcase classname="TestNGTest" name="homePageLogoVerificationTest2" time="0.001"/>
  <testcase classname="TestNGTest" name="homePageLogoVerificationTest1" time="0.003"/>
  <testcase classname="TestNGTest" name="homePageLogoVerificationTest3" time="0.001"/>
</testsuite> <!-- TestNGTest -->
