<?xml version="1.0" encoding="UTF-8"?>
<!-- Generated by org.testng.reporters.JUnitReportReporter -->
<testsuite hostname="LAPTOP-N5230FF1" failures="0" tests="2" name="com.practice.testPackage.TestNGPractice122320181" time="0.022" errors="0" timestamp="23 Dec 2018 07:15:57 GMT">
  <testcase classname="com.practice.testPackage.TestNGPractice122320181" name="testMethod1" time="0.013"/>
  <testcase classname="com.practice.testPackage.TestNGPractice122320181" name="testMethod1" time="0.009"/>
</testsuite> <!-- com.practice.testPackage.TestNGPractice122320181 -->
