<?xml version="1.0" encoding="UTF-8"?>
<!-- Generated by org.testng.reporters.JUnitReportReporter -->
<testsuite hostname="LAPTOP-N5230FF1" failures="0" tests="2" name="com.practice.testPackage.TestNGPractice122320183" time="0.021" errors="0" timestamp="23 Dec 2018 07:11:51 GMT">
  <testcase classname="com.practice.testPackage.TestNGPractice122320183" name="testMethod3" time="0.019"/>
  <testcase classname="com.practice.testPackage.TestNGPractice122320183" name="testMethod3" time="0.002"/>
</testsuite> <!-- com.practice.testPackage.TestNGPractice122320183 -->
