<?xml version="1.0" encoding="UTF-8"?>
<!-- Generated by org.testng.reporters.JUnitReportReporter -->
<testsuite hostname="LAPTOP-N5230FF1" failures="0" tests="1" name="TestNGPractice12232019" time="0.001" errors="0" timestamp="23 Dec 2018 05:54:38 GMT">
  <testcase classname="TestNGPractice12232019" name="testMethod2" time="0.001"/>
</testsuite> <!-- TestNGPractice12232019 -->
