<?xml version="1.0" encoding="UTF-8"?>
<!-- Generated by org.testng.reporters.JUnitReportReporter -->
<testsuite hostname="LAPTOP-N5230FF1" failures="0" tests="1" name="com.practice.testPackage.TestNGPractice122320182" time="0.007" errors="0" timestamp="23 Dec 2018 07:03:25 GMT">
  <testcase classname="com.practice.testPackage.TestNGPractice122320182" name="testMethod2" time="0.007"/>
</testsuite> <!-- com.practice.testPackage.TestNGPractice122320182 -->
