<?xml version="1.0" encoding="UTF-8"?>
<!-- Generated by org.testng.reporters.JUnitReportReporter -->
<testsuite hostname="LAPTOP-N5230FF1" failures="0" tests="1" name="com.practice.testPackage.TestNGPractice12232019" time="0.009" errors="0" timestamp="23 Dec 2018 06:09:38 GMT">
  <testcase classname="com.practice.testPackage.TestNGPractice12232019" name="testMethod2" time="0.009"/>
</testsuite> <!-- com.practice.testPackage.TestNGPractice12232019 -->
